Using pre-set license
Built from '2020.3/release' branch; Version is '2020.3.7f1 (dd97f2c94397) revision 14522354'; Using compiler version '192528614'; Build Type 'Release'
OS: 'Windows 10 Home; OS build 19041.928; Version 2004; 64bit' Language: 'en' Physical Memory: 16251 MB
BatchMode: 1, IsHumanControllingUs: 0, StartBugReporterOnCrash: 0, Is64bit: 1, IsPro: 0

 COMMAND LINE ARGUMENTS:
C:\Program Files\Unity\Hub\Editor\2020.3.7f1\Editor\Unity.exe
-adb2
-batchMode
-noUpm
-name
AssetImportWorker0
-projectPath
C:/Users/jerem/EDIE Project 3D Tech Demo
-logFile
Logs/AssetImportWorker0.log
-srvPort
49617
Successfully changed project path to: C:/Users/jerem/EDIE Project 3D Tech Demo
C:/Users/jerem/EDIE Project 3D Tech Demo
Using Asset Import Pipeline V2.
Refreshing native plugins compatible for Editor in 23.99 ms, found 0 plugins.
Preloading 0 native plugins for Editor in 0.00 ms.
Initialize engine version: 2020.3.7f1 (dd97f2c94397)
[Subsystems] Discovering subsystems at path C:/Program Files/Unity/Hub/Editor/2020.3.7f1/Editor/Data/Resources/UnitySubsystems
[Subsystems] Discovering subsystems at path C:/Users/jerem/EDIE Project 3D Tech Demo/Assets
GfxDevice: creating device client; threaded=0
Direct3D:
    Version:  Direct3D 11.0 [level 11.1]
    Renderer: Intel(R) UHD Graphics (ID=0x9bc4)
    Vendor:   
    VRAM:     8125 MB
    Driver:   27.20.100.8729
Initialize mono
Mono path[0] = 'C:/Program Files/Unity/Hub/Editor/2020.3.7f1/Editor/Data/Managed'
Mono path[1] = 'C:/Program Files/Unity/Hub/Editor/2020.3.7f1/Editor/Data/MonoBleedingEdge/lib/mono/unityjit'
Mono config path = 'C:/Program Files/Unity/Hub/Editor/2020.3.7f1/Editor/Data/MonoBleedingEdge/etc'
Using monoOptions --debugger-agent=transport=dt_socket,embedding=1,server=y,suspend=n,address=127.0.0.1:56384
Begin MonoManager ReloadAssembly
Registering precompiled unity dll's ...
Register platform support module: C:/Program Files/Unity/Hub/Editor/2020.3.7f1/Editor/Data/PlaybackEngines/WindowsStandaloneSupport/UnityEditor.WindowsStandalone.Extensions.dll
Registered in 0.002336 seconds.
Native extension for WindowsStandalone target not found
Refreshing native plugins compatible for Editor in 24.89 ms, found 0 plugins.
Preloading 0 native plugins for Editor in 0.00 ms.
Mono: successfully reloaded assembly
- Completed reload, in  2.079 seconds
Platform modules already initialized, skipping
Registering precompiled user dll's ...
Registered in 0.000800 seconds.
Begin MonoManager ReloadAssembly
Native extension for WindowsStandalone target not found
Refreshing native plugins compatible for Editor in 0.18 ms, found 0 plugins.
Preloading 0 native plugins for Editor in 0.00 ms.
Mono: successfully reloaded assembly
- Completed reload, in  0.865 seconds
Platform modules already initialized, skipping
========================================================================
Worker process is ready to serve import requests
Launched and connected shader compiler UnityShaderCompiler.exe after 0.05 seconds
Refreshing native plugins compatible for Editor in 0.43 ms, found 0 plugins.
Preloading 0 native plugins for Editor in 0.00 ms.
Unloading 1116 Unused Serialized files (Serialized files now loaded: 0)
System memory in use before: 57.2 MB.
System memory in use after: 57.2 MB.

Unloading 10 unused Assets to reduce memory usage. Loaded Objects now: 1558.
Total: 2.884300 ms (FindLiveObjects: 0.245800 ms CreateObjectMapping: 0.103900 ms MarkObjects: 2.418200 ms  DeleteObjects: 0.114500 ms)

========================================================================
Received Import Request.
  path: Assets/Blade_Script.cs
  artifactKey: Guid(19400d925c5725247820b50a6f3ac0e8) Importer(815301076,1909f56bfc062723c751e8b465ee728b)
Start importing Assets/Blade_Script.cs using Guid(19400d925c5725247820b50a6f3ac0e8) Importer(815301076,1909f56bfc062723c751e8b465ee728b)  -> (artifact id: '31ba2060224d008d67b17c7a3e1d22b6') in 0.038521 seconds
  Import took 0.040856 seconds .

========================================================================
Received Import Request.
  Time since last request: 1452.282842 seconds.
  path: Assets/Blade_Script.cs
  artifactKey: Guid(19400d925c5725247820b50a6f3ac0e8) Importer(815301076,1909f56bfc062723c751e8b465ee728b)
Start importing Assets/Blade_Script.cs using Guid(19400d925c5725247820b50a6f3ac0e8) Importer(815301076,1909f56bfc062723c751e8b465ee728b)  -> (artifact id: '782dea71c7256a767cdd51705770fbb2') in 0.004015 seconds
  Import took 0.007063 seconds .

========================================================================
Received Import Request.
  Time since last request: 0.020436 seconds.
  path: Assets/Blade_Script.cs
  artifactKey: Guid(19400d925c5725247820b50a6f3ac0e8) Importer(815301076,1909f56bfc062723c751e8b465ee728b)
Start importing Assets/Blade_Script.cs using Guid(19400d925c5725247820b50a6f3ac0e8) Importer(815301076,1909f56bfc062723c751e8b465ee728b)  -> (artifact id: '782dea71c7256a767cdd51705770fbb2') in 0.001956 seconds
  Import took 0.003545 seconds .

========================================================================
Received Import Request.
  Time since last request: 151.689679 seconds.
  path: Assets/Blade_Script.cs
  artifactKey: Guid(19400d925c5725247820b50a6f3ac0e8) Importer(815301076,1909f56bfc062723c751e8b465ee728b)
Start importing Assets/Blade_Script.cs using Guid(19400d925c5725247820b50a6f3ac0e8) Importer(815301076,1909f56bfc062723c751e8b465ee728b)  -> (artifact id: 'b22ef64a938af9dcc49704061d70bf7e') in 0.002287 seconds
  Import took 0.004491 seconds .

========================================================================
Received Import Request.
  Time since last request: 0.022619 seconds.
  path: Assets/Blade_Script.cs
  artifactKey: Guid(19400d925c5725247820b50a6f3ac0e8) Importer(815301076,1909f56bfc062723c751e8b465ee728b)
Start importing Assets/Blade_Script.cs using Guid(19400d925c5725247820b50a6f3ac0e8) Importer(815301076,1909f56bfc062723c751e8b465ee728b)  -> (artifact id: 'b22ef64a938af9dcc49704061d70bf7e') in 0.002143 seconds
  Import took 0.004494 seconds .

========================================================================
Received Import Request.
  Time since last request: 404.520981 seconds.
  path: Assets/Blade_Script.cs
  artifactKey: Guid(19400d925c5725247820b50a6f3ac0e8) Importer(815301076,1909f56bfc062723c751e8b465ee728b)
Start importing Assets/Blade_Script.cs using Guid(19400d925c5725247820b50a6f3ac0e8) Importer(815301076,1909f56bfc062723c751e8b465ee728b)  -> (artifact id: '7d78d5a4fb443da9dbffc3fb722eb685') in 0.002793 seconds
  Import took 0.005173 seconds .

========================================================================
Received Import Request.
  Time since last request: 0.001075 seconds.
  path: Assets/Blade_Script.cs
  artifactKey: Guid(19400d925c5725247820b50a6f3ac0e8) Importer(815301076,1909f56bfc062723c751e8b465ee728b)
Start importing Assets/Blade_Script.cs using Guid(19400d925c5725247820b50a6f3ac0e8) Importer(815301076,1909f56bfc062723c751e8b465ee728b)  -> (artifact id: '7d78d5a4fb443da9dbffc3fb722eb685') in 0.002376 seconds
  Import took 0.004411 seconds .

========================================================================
Received Import Request.
  Time since last request: 71081.463158 seconds.
  path: Assets/Blade_Script.cs
  artifactKey: Guid(19400d925c5725247820b50a6f3ac0e8) Importer(815301076,1909f56bfc062723c751e8b465ee728b)
Start importing Assets/Blade_Script.cs using Guid(19400d925c5725247820b50a6f3ac0e8) Importer(815301076,1909f56bfc062723c751e8b465ee728b)  -> (artifact id: '01a6cbf2e763eb836b9639ac85fc9138') in 0.005502 seconds
  Import took 0.022721 seconds .

========================================================================
Received Import Request.
  Time since last request: 127.985979 seconds.
  path: Assets/Main_Scene.unity
  artifactKey: Guid(0a49b8d9399d2614fbd61093a69e7233) Importer(815301076,1909f56bfc062723c751e8b465ee728b)
Start importing Assets/Main_Scene.unity using Guid(0a49b8d9399d2614fbd61093a69e7233) Importer(815301076,1909f56bfc062723c751e8b465ee728b)  -> (artifact id: '0604598128288d9412552f5b9c1c15c5') in 0.221417 seconds
  Import took 0.228409 seconds .

========================================================================
Received Prepare
Registering precompiled user dll's ...
Registered in 0.001584 seconds.
Begin MonoManager ReloadAssembly
Native extension for WindowsStandalone target not found
Refreshing native plugins compatible for Editor in 0.28 ms, found 0 plugins.
Preloading 0 native plugins for Editor in 0.00 ms.
Mono: successfully reloaded assembly
- Completed reload, in  1.351 seconds
Platform modules already initialized, skipping
Refreshing native plugins compatible for Editor in 0.28 ms, found 0 plugins.
Preloading 0 native plugins for Editor in 0.00 ms.
Unloading 1111 Unused Serialized files (Serialized files now loaded: 0)
System memory in use before: 57.1 MB.
System memory in use after: 57.2 MB.

Unloading 5 unused Assets to reduce memory usage. Loaded Objects now: 1561.
Total: 3.228200 ms (FindLiveObjects: 0.244300 ms CreateObjectMapping: 0.065400 ms MarkObjects: 2.809100 ms  DeleteObjects: 0.107700 ms)

========================================================================
Received Prepare
Registering precompiled user dll's ...
Registered in 0.001014 seconds.
Begin MonoManager ReloadAssembly
Native extension for WindowsStandalone target not found
Refreshing native plugins compatible for Editor in 0.25 ms, found 0 plugins.
Preloading 0 native plugins for Editor in 0.00 ms.
Mono: successfully reloaded assembly
- Completed reload, in  1.038 seconds
Platform modules already initialized, skipping
Refreshing native plugins compatible for Editor in 0.24 ms, found 0 plugins.
Preloading 0 native plugins for Editor in 0.00 ms.
Unloading 1111 Unused Serialized files (Serialized files now loaded: 0)
System memory in use before: 57.2 MB.
System memory in use after: 57.2 MB.

Unloading 5 unused Assets to reduce memory usage. Loaded Objects now: 1564.
Total: 2.503500 ms (FindLiveObjects: 0.322900 ms CreateObjectMapping: 0.133800 ms MarkObjects: 1.949400 ms  DeleteObjects: 0.094900 ms)

========================================================================
Received Prepare
Registering precompiled user dll's ...
Registered in 0.001869 seconds.
Begin MonoManager ReloadAssembly
Native extension for WindowsStandalone target not found
Refreshing native plugins compatible for Editor in 0.28 ms, found 0 plugins.
Preloading 0 native plugins for Editor in 0.00 ms.
Mono: successfully reloaded assembly
- Completed reload, in  1.240 seconds
Platform modules already initialized, skipping
Refreshing native plugins compatible for Editor in 0.31 ms, found 0 plugins.
Preloading 0 native plugins for Editor in 0.00 ms.
Unloading 1111 Unused Serialized files (Serialized files now loaded: 0)
System memory in use before: 57.2 MB.
System memory in use after: 57.2 MB.

Unloading 5 unused Assets to reduce memory usage. Loaded Objects now: 1567.
Total: 2.007600 ms (FindLiveObjects: 0.197500 ms CreateObjectMapping: 0.059800 ms MarkObjects: 1.689400 ms  DeleteObjects: 0.059700 ms)

========================================================================
Received Import Request.
  Time since last request: 13321.358473 seconds.
  path: Assets
  artifactKey: Guid(00000000000000001000000000000000) Importer(815301076,1909f56bfc062723c751e8b465ee728b)
Start importing Assets using Guid(00000000000000001000000000000000) Importer(815301076,1909f56bfc062723c751e8b465ee728b)  -> (artifact id: '5f6a1853b736837ecfb0820a881449cb') in 0.006610 seconds
  Import took 0.009648 seconds .

========================================================================
Received Import Request.
  Time since last request: 11.132167 seconds.
  path: Assets/New Material.mat
  artifactKey: Guid(9289a13d2d35411419eab59ced5cfafd) Importer(815301076,1909f56bfc062723c751e8b465ee728b)
Start importing Assets/New Material.mat using Guid(9289a13d2d35411419eab59ced5cfafd) Importer(815301076,1909f56bfc062723c751e8b465ee728b)  -> (artifact id: 'bfa330cc63f556847a89ba984e422bb1') in 0.135453 seconds
  Import took 0.138293 seconds .

========================================================================
Received Import Request.
  Time since last request: 27.499022 seconds.
  path: Assets/BladeTrailMat.mat
  artifactKey: Guid(9289a13d2d35411419eab59ced5cfafd) Importer(815301076,1909f56bfc062723c751e8b465ee728b)
Start importing Assets/BladeTrailMat.mat using Guid(9289a13d2d35411419eab59ced5cfafd) Importer(815301076,1909f56bfc062723c751e8b465ee728b)  -> (artifact id: '249fd6a86e3281ba4b438552ff328c90') in 0.014466 seconds
  Import took 0.017685 seconds .

AssetImportWorkerClient::OnTransportError - code=2 error=End of file
